<?xml version="1.0" encoding="utf-8"?>
<TestRun id="a92a365f-959d-43e2-b22a-f1d126458f5d" name="tshumae@DESKTOP-5QFK4BL 2020-08-02 15:58:47" runUser="FBC\tshumae" xmlns="http://microsoft.com/schemas/VisualStudio/TeamTest/2010">
  <Times creation="2020-08-02T15:58:47.0865562+02:00" queuing="2020-08-02T15:58:47.0865577+02:00" start="2020-08-02T15:58:43.9324033+02:00" finish="2020-08-02T15:58:47.1005881+02:00" />
  <TestSettings name="default" id="b260a2a5-bb60-43bd-a602-ed82048c71b1">
    <Deployment runDeploymentRoot="tshumae_DESKTOP-5QFK4BL_2020-08-02_15_58_47" />
  </TestSettings>
  <Results>
    <UnitTestResult executionId="eb973df7-120e-4c43-a63b-4fed18d2658d" testId="ac95cb08-7ad1-4d5b-90ec-132670c18038" testName="TestMethod1" computerName="DESKTOP-5QFK4BL" duration="00:00:00.0112507" startTime="2020-08-02T15:58:46.4346695+02:00" endTime="2020-08-02T15:58:46.5196696+02:00" testType="13cdc9d9-ddb5-4fa4-a97d-d965ccfc6d4b" outcome="Passed" testListId="8c84fa94-04c1-424b-9868-57a2d4851a1d" relativeResultsDirectory="eb973df7-120e-4c43-a63b-4fed18d2658d" />
  </Results>
  <TestDefinitions>
    <UnitTest name="TestMethod1" storage="c:\devops\jenkinswithazure\getting-started-with-jenkins\jenkinsintegration\jenkinsintegration.tests\bin\debug\netcoreapp2.1\jenkinsintegration.tests.dll" id="ac95cb08-7ad1-4d5b-90ec-132670c18038">
      <Execution id="eb973df7-120e-4c43-a63b-4fed18d2658d" />
      <TestMethod codeBase="C:\DEVOPS\JenkinsWithAzure\Getting-Started-With-Jenkins\JenkinsIntegration\JenkinsIntegration.Tests\bin\Debug\netcoreapp2.1\JenkinsIntegration.Tests.dll" adapterTypeName="executor://mstestadapter/v2" className="JenkinsIntegration.Tests.JenkinsTests" name="TestMethod1" />
    </UnitTest>
  </TestDefinitions>
  <TestEntries>
    <TestEntry testId="ac95cb08-7ad1-4d5b-90ec-132670c18038" executionId="eb973df7-120e-4c43-a63b-4fed18d2658d" testListId="8c84fa94-04c1-424b-9868-57a2d4851a1d" />
  </TestEntries>
  <TestLists>
    <TestList name="Results Not in a List" id="8c84fa94-04c1-424b-9868-57a2d4851a1d" />
    <TestList name="All Loaded Results" id="19431567-8539-422a-85d7-44ee4e166bda" />
  </TestLists>
  <ResultSummary outcome="Completed">
    <Counters total="1" executed="1" passed="1" failed="0" error="0" timeout="0" aborted="0" inconclusive="0" passedButRunAborted="0" notRunnable="0" notExecuted="0" disconnected="0" warning="0" completed="0" inProgress="0" pending="0" />
  </ResultSummary>
</TestRun>